[W 2021-04-21 12:05:01.637 LabApp] 'notebook_dir' has moved from NotebookApp to ServerApp. This config will be passed to ServerApp. Be sure to update your config before our next release.
[W 2021-04-21 12:05:01.638 LabApp] 'notebook_dir' has moved from NotebookApp to ServerApp. This config will be passed to ServerApp. Be sure to update your config before our next release.
[I 2021-04-21 12:05:01.646 LabApp] JupyterLab extension loaded from /Users/dengyulong/anaconda3/envs/atc_gpu/lib/python3.7/site-packages/jupyterlab
[I 2021-04-21 12:05:01.646 LabApp] JupyterLab application directory is /Users/dengyulong/anaconda3/envs/atc_gpu/share/jupyter/lab
[I 12:05:01.652 NotebookApp] 启动notebooks 在本地路径: /Users/dengyulong/ML
[I 12:05:01.652 NotebookApp] Jupyter Notebook 6.2.0 is running at:
[I 12:05:01.652 NotebookApp] http://localhost:8888/?token=0013b47c267595a5cfd56053a16633eda9ca2efbbfa78fae
[I 12:05:01.652 NotebookApp]  or http://127.0.0.1:8888/?token=0013b47c267595a5cfd56053a16633eda9ca2efbbfa78fae
[I 12:05:01.652 NotebookApp] 使用control-c停止此服务器并关闭所有内核(两次跳过确认).
[C 12:05:01.662 NotebookApp] 
    
    To access the notebook, open this file in a browser:
        file:///Users/dengyulong/Library/Jupyter/runtime/nbserver-9468-open.html
    Or copy and paste one of these URLs:
        http://localhost:8888/?token=0013b47c267595a5cfd56053a16633eda9ca2efbbfa78fae
     or http://127.0.0.1:8888/?token=0013b47c267595a5cfd56053a16633eda9ca2efbbfa78fae
[I 12:05:15.067 NotebookApp] Kernel started: 7299b210-b03e-4f08-a7f5-0949b84fc14a, name: atc_gpu
[I 12:05:41.117 NotebookApp] Kernel started: b00e0c66-b101-4a1d-b45d-b2db4abdf934, name: atc_gpu
[I 12:06:51.497 NotebookApp] Copying emotion_placate/标注结果抽取2.ipynb to /emotion_placate
[I 12:06:58.017 NotebookApp] Kernel started: ff5be98a-d0c2-4715-a128-efdf7745dd79, name: atc_gpu
[I 12:07:12.293 NotebookApp] Saving file at /emotion_placate/标注结果抽取.ipynb
[I 12:07:38.146 NotebookApp] Saving file at /emotion_placate/标注结果抽取2.ipynb
[I 12:08:54.826 NotebookApp] Saving file at /emotion_placate/客服安抚-标注结果抽取2.ipynb
[I 12:09:08.390 NotebookApp] Saving file at /emotion_placate/客服安抚-标注结果抽取2.ipynb
[I 12:09:08.708 NotebookApp] Saving file at /emotion_placate/客服安抚-标注结果抽取2.ipynb
[I 12:09:08.927 NotebookApp] Saving file at /emotion_placate/客服安抚-标注结果抽取2.ipynb
[I 12:10:51.437 NotebookApp] Saving file at /emotion_placate/客服安抚-标注结果抽取2.ipynb
[I 12:10:51.600 NotebookApp] Saving file at /emotion_placate/客服安抚-标注结果抽取2.ipynb
[I 12:11:58.686 NotebookApp] Saving file at /emotion_placate/客服安抚-标注结果抽取2.ipynb
[I 12:11:58.855 NotebookApp] Saving file at /emotion_placate/客服安抚-标注结果抽取2.ipynb
[I 12:12:00.008 NotebookApp] Saving file at /emotion_placate/客服安抚-标注结果抽取2.ipynb
[I 12:12:00.201 NotebookApp] Saving file at /emotion_placate/客服安抚-标注结果抽取2.ipynb
[W 12:12:02.256 NotebookApp] IOPub data rate exceeded.
    The notebook server will temporarily stop sending output
    to the client in order to avoid crashing it.
    To change this limit, set the config variable
    `--NotebookApp.iopub_data_rate_limit`.
    
    Current values:
    NotebookApp.iopub_data_rate_limit=1000000.0 (bytes/sec)
    NotebookApp.rate_limit_window=3.0 (secs)
    
[I 12:12:54.822 NotebookApp] Saving file at /emotion_placate/客服安抚-标注结果抽取2.ipynb
[I 12:13:16.697 NotebookApp] Saving file at /emotion_placate/客服安抚-标注结果抽取2.ipynb
[I 12:13:21.856 NotebookApp] Saving file at /emotion_placate/客服安抚-标注结果抽取2.ipynb
[I 12:13:22.505 NotebookApp] Saving file at /emotion_placate/客服安抚-标注结果抽取2.ipynb
[I 12:13:22.736 NotebookApp] Saving file at /emotion_placate/客服安抚-标注结果抽取2.ipynb
[I 12:13:22.897 NotebookApp] Saving file at /emotion_placate/客服安抚-标注结果抽取2.ipynb
[I 12:16:07.819 NotebookApp] Saving file at /emotion_placate/客服安抚-标注结果抽取2.ipynb
[I 12:16:12.940 NotebookApp] Saving file at /emotion_placate/客服安抚-标注结果抽取2.ipynb
[I 12:16:13.119 NotebookApp] Saving file at /emotion_placate/客服安抚-标注结果抽取2.ipynb
[I 12:17:27.994 NotebookApp] Saving file at /emotion_placate/客服安抚-标注结果抽取2.ipynb
[I 12:17:39.450 NotebookApp] Saving file at /emotion_placate/客服安抚-标注结果抽取2.ipynb
[I 12:17:42.534 NotebookApp] Saving file at /emotion_placate/客服安抚-标注结果抽取2.ipynb
[I 12:17:43.271 NotebookApp] Saving file at /emotion_placate/客服安抚-标注结果抽取2.ipynb
[I 12:17:44.156 NotebookApp] Saving file at /emotion_placate/客服安抚-标注结果抽取2.ipynb
[I 12:17:44.377 NotebookApp] Saving file at /emotion_placate/客服安抚-标注结果抽取2.ipynb
[I 12:17:45.014 NotebookApp] Saving file at /emotion_placate/客服安抚-标注结果抽取2.ipynb
[I 12:17:45.214 NotebookApp] Saving file at /emotion_placate/客服安抚-标注结果抽取2.ipynb
[I 12:18:12.487 NotebookApp] Saving file at /emotion_placate/客服安抚-标注结果抽取2.ipynb
[I 12:18:12.661 NotebookApp] Saving file at /emotion_placate/客服安抚-标注结果抽取2.ipynb
[I 12:18:48.568 NotebookApp] Saving file at /emotion_placate/客服安抚-标注结果抽取2.ipynb
[I 12:18:48.787 NotebookApp] Saving file at /emotion_placate/客服安抚-标注结果抽取2.ipynb
[I 12:18:59.056 NotebookApp] Saving file at /emotion_placate/客服安抚-标注结果抽取2.ipynb
[I 12:18:59.251 NotebookApp] Saving file at /emotion_placate/客服安抚-标注结果抽取2.ipynb
[I 12:18:59.660 NotebookApp] Saving file at /emotion_placate/客服安抚-标注结果抽取2.ipynb
[I 12:18:59.870 NotebookApp] Saving file at /emotion_placate/客服安抚-标注结果抽取2.ipynb
[I 12:19:00.688 NotebookApp] Saving file at /emotion_placate/客服安抚-标注结果抽取2.ipynb
[I 12:19:00.868 NotebookApp] Saving file at /emotion_placate/客服安抚-标注结果抽取2.ipynb
[I 12:19:01.567 NotebookApp] Saving file at /emotion_placate/客服安抚-标注结果抽取2.ipynb
[I 12:19:23.635 NotebookApp] Saving file at /emotion_placate/客服安抚-标注结果抽取2.ipynb
[I 12:19:25.404 NotebookApp] Saving file at /emotion_placate/客服安抚-标注结果抽取2.ipynb
[I 12:19:26.743 NotebookApp] Saving file at /emotion_placate/客服安抚-标注结果抽取2.ipynb
[I 12:19:37.939 NotebookApp] Saving file at /emotion_placate/客服安抚-标注结果抽取2.ipynb
[I 12:19:38.102 NotebookApp] Saving file at /emotion_placate/客服安抚-标注结果抽取2.ipynb
[I 12:19:38.251 NotebookApp] Saving file at /emotion_placate/客服安抚-标注结果抽取2.ipynb
[I 12:20:34.067 NotebookApp] Saving file at /emotion_placate/客服安抚-标注结果抽取2.ipynb
[I 12:20:34.198 NotebookApp] Saving file at /emotion_placate/客服安抚-标注结果抽取2.ipynb
[I 12:20:54.829 NotebookApp] Saving file at /emotion_placate/客服安抚-标注结果抽取2.ipynb
[I 12:21:02.365 NotebookApp] Saving file at /emotion_placate/客服安抚-标注结果抽取2.ipynb
[I 12:21:16.161 NotebookApp] Saving file at /emotion_placate/客服安抚-标注结果抽取2.ipynb
[I 12:21:16.384 NotebookApp] Saving file at /emotion_placate/客服安抚-标注结果抽取2.ipynb
[I 12:21:17.053 NotebookApp] Saving file at /emotion_placate/客服安抚-标注结果抽取2.ipynb
[I 12:21:17.232 NotebookApp] Saving file at /emotion_placate/客服安抚-标注结果抽取2.ipynb
[I 12:21:17.718 NotebookApp] Saving file at /emotion_placate/客服安抚-标注结果抽取2.ipynb
[I 12:21:17.897 NotebookApp] Saving file at /emotion_placate/客服安抚-标注结果抽取2.ipynb
[I 12:21:18.716 NotebookApp] Saving file at /emotion_placate/客服安抚-标注结果抽取2.ipynb
[I 12:21:20.667 NotebookApp] Saving file at /emotion_placate/客服安抚-标注结果抽取2.ipynb
[I 12:21:48.861 NotebookApp] Saving file at /emotion_placate/客服安抚-标注结果抽取2.ipynb
[I 12:22:05.771 NotebookApp] Saving file at /emotion_placate/客服安抚-标注结果抽取2.ipynb
[I 12:22:05.927 NotebookApp] Saving file at /emotion_placate/客服安抚-标注结果抽取2.ipynb
[I 12:22:54.869 NotebookApp] Saving file at /emotion_placate/客服安抚-标注结果抽取2.ipynb
[I 12:23:20.819 NotebookApp] Saving file at /emotion_placate/客服安抚-标注结果抽取2.ipynb
[I 12:23:22.768 NotebookApp] Saving file at /emotion_placate/客服安抚-标注结果抽取2.ipynb
[I 12:23:23.248 NotebookApp] Saving file at /emotion_placate/客服安抚-标注结果抽取2.ipynb
[I 12:23:39.119 NotebookApp] Saving file at /emotion_placate/客服安抚-标注结果抽取2.ipynb
[I 12:23:39.261 NotebookApp] Saving file at /emotion_placate/客服安抚-标注结果抽取2.ipynb
[I 12:23:44.366 NotebookApp] Saving file at /emotion_placate/客服安抚-标注结果抽取2.ipynb
[I 12:23:44.518 NotebookApp] Saving file at /emotion_placate/客服安抚-标注结果抽取2.ipynb
[I 12:23:46.523 NotebookApp] Saving file at /emotion_placate/客服安抚-标注结果抽取2.ipynb
[I 12:24:10.061 NotebookApp] Saving file at /emotion_placate/客服安抚-标注结果抽取2.ipynb
[I 12:24:12.443 NotebookApp] Saving file at /emotion_placate/客服安抚-标注结果抽取2.ipynb
[I 12:24:54.691 NotebookApp] Saving file at /emotion_placate/客服安抚-标注结果抽取2.ipynb
[I 12:24:54.891 NotebookApp] Saving file at /emotion_placate/客服安抚-标注结果抽取2.ipynb
[I 12:24:58.259 NotebookApp] Saving file at /emotion_placate/客服安抚-标注结果抽取2.ipynb
[I 12:24:58.950 NotebookApp] Saving file at /emotion_placate/客服安抚-标注结果抽取2.ipynb
[I 12:25:03.730 NotebookApp] Saving file at /emotion_placate/客服安抚-标注结果抽取2.ipynb
[I 12:25:12.193 NotebookApp] Saving file at /emotion_placate/客服安抚-标注结果抽取2.ipynb
[I 12:25:12.357 NotebookApp] Saving file at /emotion_placate/客服安抚-标注结果抽取2.ipynb
[I 12:25:22.131 NotebookApp] Saving file at /emotion_placate/客服安抚-标注结果抽取2.ipynb
[I 12:25:23.185 NotebookApp] Saving file at /emotion_placate/客服安抚-标注结果抽取2.ipynb
[I 12:25:23.340 NotebookApp] Saving file at /emotion_placate/客服安抚-标注结果抽取2.ipynb
[I 12:26:07.764 NotebookApp] Saving file at /emotion_placate/客服安抚-标注结果抽取2.ipynb
[I 12:26:07.921 NotebookApp] Saving file at /emotion_placate/客服安抚-标注结果抽取2.ipynb
[I 12:26:08.114 NotebookApp] Saving file at /emotion_placate/客服安抚-标注结果抽取2.ipynb
[I 12:26:18.616 NotebookApp] Saving file at /emotion_placate/客服安抚-标注结果抽取2.ipynb
[I 12:26:33.175 NotebookApp] Saving file at /emotion_placate/客服安抚-标注结果抽取2.ipynb
[I 12:26:33.368 NotebookApp] Saving file at /emotion_placate/客服安抚-标注结果抽取2.ipynb
[I 12:26:33.557 NotebookApp] Saving file at /emotion_placate/客服安抚-标注结果抽取2.ipynb
[I 12:26:34.072 NotebookApp] Saving file at /emotion_placate/客服安抚-标注结果抽取2.ipynb
[I 12:26:34.279 NotebookApp] Saving file at /emotion_placate/客服安抚-标注结果抽取2.ipynb
[I 12:26:34.779 NotebookApp] Saving file at /emotion_placate/客服安抚-标注结果抽取2.ipynb
[I 12:26:58.929 NotebookApp] Saving file at /emotion_placate/客服安抚-标注结果抽取2.ipynb
[I 12:29:19.020 NotebookApp] Saving file at /emotion_placate/客服安抚-标注结果抽取2.ipynb
[I 12:30:35.719 NotebookApp] Saving file at /emotion_placate/客服安抚-标注结果抽取2.ipynb
[I 12:31:45.067 NotebookApp] Saving file at /emotion_placate/客服安抚-标注结果抽取2.ipynb
[I 12:31:45.236 NotebookApp] Saving file at /emotion_placate/客服安抚-标注结果抽取2.ipynb
[W 12:31:46.079 NotebookApp] IOPub data rate exceeded.
    The notebook server will temporarily stop sending output
    to the client in order to avoid crashing it.
    To change this limit, set the config variable
    `--NotebookApp.iopub_data_rate_limit`.
    
    Current values:
    NotebookApp.iopub_data_rate_limit=1000000.0 (bytes/sec)
    NotebookApp.rate_limit_window=3.0 (secs)
    
[I 12:32:32.146 NotebookApp] Saving file at /emotion_placate/客服安抚-标注结果抽取2.ipynb
[I 12:32:32.341 NotebookApp] Saving file at /emotion_placate/客服安抚-标注结果抽取2.ipynb
[I 12:32:40.544 NotebookApp] Saving file at /emotion_placate/客服安抚-标注结果抽取2.ipynb
[I 12:32:44.270 NotebookApp] Saving file at /emotion_placate/客服安抚-标注结果抽取2.ipynb
[I 12:32:44.441 NotebookApp] Saving file at /emotion_placate/客服安抚-标注结果抽取2.ipynb
[I 12:32:46.279 NotebookApp] Saving file at /emotion_placate/客服安抚-标注结果抽取2.ipynb
[I 12:32:54.928 NotebookApp] Saving file at /emotion_placate/客服安抚-标注结果抽取2.ipynb
[I 12:32:58.768 NotebookApp] Saving file at /emotion_placate/客服安抚-标注结果抽取2.ipynb
[I 12:33:05.055 NotebookApp] Saving file at /emotion_placate/客服安抚-标注结果抽取2.ipynb
[I 12:33:05.731 NotebookApp] Saving file at /emotion_placate/客服安抚-标注结果抽取2.ipynb
[I 12:33:14.986 NotebookApp] Saving file at /emotion_placate/客服安抚-标注结果抽取2.ipynb
[I 12:33:21.107 NotebookApp] Saving file at /emotion_placate/客服安抚-标注结果抽取2.ipynb
[I 12:33:27.999 NotebookApp] Saving file at /emotion_placate/客服安抚-标注结果抽取2.ipynb
[I 12:33:28.180 NotebookApp] Saving file at /emotion_placate/客服安抚-标注结果抽取2.ipynb
[I 12:33:45.192 NotebookApp] Saving file at /emotion_placate/客服安抚-标注结果抽取2.ipynb
[I 12:33:45.738 NotebookApp] Saving file at /emotion_placate/客服安抚-标注结果抽取2.ipynb
[I 12:33:45.905 NotebookApp] Saving file at /emotion_placate/客服安抚-标注结果抽取2.ipynb
[I 12:33:46.426 NotebookApp] Saving file at /emotion_placate/客服安抚-标注结果抽取2.ipynb
[I 12:33:46.584 NotebookApp] Saving file at /emotion_placate/客服安抚-标注结果抽取2.ipynb
[I 12:33:47.234 NotebookApp] Saving file at /emotion_placate/客服安抚-标注结果抽取2.ipynb
[I 12:33:47.405 NotebookApp] Saving file at /emotion_placate/客服安抚-标注结果抽取2.ipynb
[I 12:33:47.871 NotebookApp] Saving file at /emotion_placate/客服安抚-标注结果抽取2.ipynb
[I 12:33:48.037 NotebookApp] Saving file at /emotion_placate/客服安抚-标注结果抽取2.ipynb
[I 12:33:48.474 NotebookApp] Saving file at /emotion_placate/客服安抚-标注结果抽取2.ipynb
[I 12:33:50.450 NotebookApp] Saving file at /emotion_placate/客服安抚-标注结果抽取2.ipynb
[I 12:33:51.074 NotebookApp] Saving file at /emotion_placate/客服安抚-标注结果抽取2.ipynb
[I 12:33:53.328 NotebookApp] Saving file at /emotion_placate/客服安抚-标注结果抽取2.ipynb
[I 12:33:53.499 NotebookApp] Saving file at /emotion_placate/客服安抚-标注结果抽取2.ipynb
[I 12:33:56.825 NotebookApp] Saving file at /emotion_placate/客服安抚-标注结果抽取2.ipynb
[I 12:34:16.440 NotebookApp] Saving file at /emotion_placate/客服安抚-标注结果抽取2.ipynb
[I 12:34:16.611 NotebookApp] Saving file at /emotion_placate/客服安抚-标注结果抽取2.ipynb
[I 12:34:55.292 NotebookApp] Saving file at /emotion_placate/客服安抚-标注结果抽取2.ipynb
[I 12:35:30.208 NotebookApp] Saving file at /emotion_placate/客服安抚-标注结果抽取2.ipynb
[I 12:35:30.373 NotebookApp] Saving file at /emotion_placate/客服安抚-标注结果抽取2.ipynb
[I 12:36:56.910 NotebookApp] Saving file at /emotion_placate/客服安抚-标注结果抽取2.ipynb
[I 12:37:53.195 NotebookApp] Saving file at /emotion_placate/客服安抚-标注结果抽取2.ipynb
[I 12:37:53.354 NotebookApp] Saving file at /emotion_placate/客服安抚-标注结果抽取2.ipynb
[I 12:38:55.151 NotebookApp] Saving file at /emotion_placate/客服安抚-标注结果抽取2.ipynb
[I 12:39:39.795 NotebookApp] Saving file at /emotion_placate/客服安抚-标注结果抽取2.ipynb
[I 12:40:55.163 NotebookApp] Saving file at /emotion_placate/客服安抚-标注结果抽取2.ipynb
[I 14:20:57.451 NotebookApp] Saving file at /emotion_placate/客服安抚-标注结果抽取2.ipynb
[I 16:00:49.966 NotebookApp] Starting buffering for ff5be98a-d0c2-4715-a128-efdf7745dd79:b28d2c8832ba479a837dc01593b3a7f5
[I 17:51:40.779 NotebookApp] Starting buffering for b00e0c66-b101-4a1d-b45d-b2db4abdf934:fca189c3ccbd49149c3978485a48bd87
[I 18:37:39.091 NotebookApp] Starting buffering for 7299b210-b03e-4f08-a7f5-0949b84fc14a:e3719899415d4291a8b8a70b4d470858
[C 16:42:45.042 NotebookApp] 接受信号 15, 正在停止
[I 16:42:45.079 NotebookApp] 关闭 3 服务
[I 16:42:45.522 NotebookApp] Kernel shutdown: 7299b210-b03e-4f08-a7f5-0949b84fc14a
[I 16:42:45.525 NotebookApp] Kernel shutdown: b00e0c66-b101-4a1d-b45d-b2db4abdf934
[I 16:42:46.458 NotebookApp] Kernel shutdown: ff5be98a-d0c2-4715-a128-efdf7745dd79
[I 16:42:46.465 NotebookApp] Shutting down 0 terminals
[I 16:42:46.489 NotebookApp] KernelRestarter: restarting kernel (1/5), keep random ports
[E 16:42:46.489 NotebookApp] Exception in callback <bound method KernelRestarter.poll of <jupyter_client.ioloop.restarter.IOLoopKernelRestarter object at 0x7fe4224ebdd0>>
    Traceback (most recent call last):
      File "/Users/dengyulong/anaconda3/envs/atc_gpu/lib/python3.7/site-packages/tornado/ioloop.py", line 905, in _run
        return self.callback()
      File "/Users/dengyulong/anaconda3/envs/atc_gpu/lib/python3.7/site-packages/jupyter_client/restarter.py", line 116, in poll
        self.kernel_manager.restart_kernel(now=True, newports=newports)
      File "/Users/dengyulong/anaconda3/envs/atc_gpu/lib/python3.7/site-packages/jupyter_client/manager.py", line 503, in restart_kernel
        self.shutdown_kernel(now=now, restart=True)
      File "/Users/dengyulong/anaconda3/envs/atc_gpu/lib/python3.7/site-packages/jupyter_client/manager.py", line 441, in shutdown_kernel
        self.interrupt_kernel()
      File "/Users/dengyulong/anaconda3/envs/atc_gpu/lib/python3.7/site-packages/jupyter_client/manager.py", line 597, in interrupt_kernel
        raise RuntimeError("Cannot interrupt kernel. No kernel is running!")
    RuntimeError: Cannot interrupt kernel. No kernel is running!
[I 16:42:46.518 NotebookApp] KernelRestarter: restarting kernel (1/5), keep random ports
[E 16:42:46.518 NotebookApp] Exception in callback <bound method KernelRestarter.poll of <jupyter_client.ioloop.restarter.IOLoopKernelRestarter object at 0x7fe4224e5910>>
    Traceback (most recent call last):
      File "/Users/dengyulong/anaconda3/envs/atc_gpu/lib/python3.7/site-packages/tornado/ioloop.py", line 905, in _run
        return self.callback()
      File "/Users/dengyulong/anaconda3/envs/atc_gpu/lib/python3.7/site-packages/jupyter_client/restarter.py", line 116, in poll
        self.kernel_manager.restart_kernel(now=True, newports=newports)
      File "/Users/dengyulong/anaconda3/envs/atc_gpu/lib/python3.7/site-packages/jupyter_client/manager.py", line 503, in restart_kernel
        self.shutdown_kernel(now=now, restart=True)
      File "/Users/dengyulong/anaconda3/envs/atc_gpu/lib/python3.7/site-packages/jupyter_client/manager.py", line 441, in shutdown_kernel
        self.interrupt_kernel()
      File "/Users/dengyulong/anaconda3/envs/atc_gpu/lib/python3.7/site-packages/jupyter_client/manager.py", line 597, in interrupt_kernel
        raise RuntimeError("Cannot interrupt kernel. No kernel is running!")
    RuntimeError: Cannot interrupt kernel. No kernel is running!
